<?xml version="1.0" encoding="UTF-8"?>
<coverage generated="1655775239640" clover="3.2.0">
  <project timestamp="1655775239641" name="All files">
    <metrics statements="14" coveredstatements="4" conditionals="2" coveredconditionals="2" methods="5" coveredmethods="1" elements="21" coveredelements="7" complexity="0" loc="14" ncloc="14" packages="1" files="2" classes="2"/>
    <file name="formChecker.js" path="/Users/mackenziemcgovern/Desktop/evaluate-news-nlp/src/client/js/formChecker.js">
      <metrics statements="5" coveredstatements="4" conditionals="2" coveredconditionals="2" methods="1" coveredmethods="1"/>
      <line num="2" count="2" type="stmt"/>
      <line num="4" count="2" type="stmt"/>
      <line num="6" count="2" type="cond" truecount="2" falsecount="0"/>
      <line num="7" count="1" type="stmt"/>
      <line num="8" count="0" type="stmt"/>
    </file>
    <file name="formHandler.js" path="/Users/mackenziemcgovern/Desktop/evaluate-news-nlp/src/client/js/formHandler.js">
      <metrics statements="9" coveredstatements="0" conditionals="0" coveredconditionals="0" methods="4" coveredmethods="0"/>
      <line num="2" count="0" type="stmt"/>
      <line num="5" count="0" type="stmt"/>
      <line num="6" count="0" type="stmt"/>
      <line num="8" count="0" type="stmt"/>
      <line num="9" count="0" type="stmt"/>
      <line num="10" count="0" type="stmt"/>
      <line num="12" count="0" type="stmt"/>
      <line num="13" count="0" type="stmt"/>
      <line num="19" count="0" type="stmt"/>
    </file>
  </project>
</coverage>
