{"/Users/mackenziemcgovern/Desktop/evaluate-news-nlp/src/client/js/formChecker.js": {"path":"/Users/mackenziemcgovern/Desktop/evaluate-news-nlp/src/client/js/formChecker.js","statementMap":{"0":{"start":{"line":2,"column":2},"end":{"line":2,"column":54}},"1":{"start":{"line":4,"column":4},"end":{"line":4,"column":113}},"2":{"start":{"line":6,"column":2},"end":{"line":9,"column":3}},"3":{"start":{"line":7,"column":4},"end":{"line":7,"column":38}},"4":{"start":{"line":8,"column":4},"end":{"line":8,"column":35}}},"fnMap":{"0":{"name":"checkForm","decl":{"start":{"line":1,"column":9},"end":{"line":1,"column":18}},"loc":{"start":{"line":1,"column":30},"end":{"line":10,"column":1}},"line":1}},"branchMap":{"0":{"loc":{"start":{"line":6,"column":2},"end":{"line":9,"column":3}},"type":"if","locations":[{"start":{"line":6,"column":2},"end":{"line":9,"column":3}},{"start":{},"end":{}}],"line":6}},"s":{"0":2,"1":2,"2":2,"3":1,"4":0},"f":{"0":2},"b":{"0":[1,1]},"_coverageSchema":"1a1c01bbd47fc00a2c39e90264f33305004495a9","hash":"3d6004c00e3656556e72526a330a5f078ac3d476"}
,"/Users/mackenziemcgovern/Desktop/evaluate-news-nlp/src/client/js/formHandler.js": {"path":"/Users/mackenziemcgovern/Desktop/evaluate-news-nlp/src/client/js/formHandler.js","statementMap":{"0":{"start":{"line":2,"column":4},"end":{"line":2,"column":26}},"1":{"start":{"line":5,"column":19},"end":{"line":5,"column":56}},"2":{"start":{"line":6,"column":4},"end":{"line":6,"column":30}},"3":{"start":{"line":8,"column":8},"end":{"line":8,"column":45}},"4":{"start":{"line":9,"column":8},"end":{"line":19,"column":57}},"5":{"start":{"line":10,"column":21},"end":{"line":10,"column":31}},"6":{"start":{"line":12,"column":30},"end":{"line":12,"column":111}},"7":{"start":{"line":13,"column":12},"end":{"line":18,"column":32}},"8":{"start":{"line":19,"column":28},"end":{"line":19,"column":55}}},"fnMap":{"0":{"name":"handleSubmit","decl":{"start":{"line":1,"column":9},"end":{"line":1,"column":21}},"loc":{"start":{"line":1,"column":29},"end":{"line":22,"column":5}},"line":1},"1":{"name":"(anonymous_1)","decl":{"start":{"line":10,"column":14},"end":{"line":10,"column":15}},"loc":{"start":{"line":10,"column":21},"end":{"line":10,"column":31}},"line":10},"2":{"name":"(anonymous_2)","decl":{"start":{"line":11,"column":14},"end":{"line":11,"column":15}},"loc":{"start":{"line":11,"column":28},"end":{"line":19,"column":9}},"line":11},"3":{"name":"(anonymous_3)","decl":{"start":{"line":19,"column":17},"end":{"line":19,"column":18}},"loc":{"start":{"line":19,"column":28},"end":{"line":19,"column":55}},"line":19}},"branchMap":{},"s":{"0":0,"1":0,"2":0,"3":0,"4":0,"5":0,"6":0,"7":0,"8":0},"f":{"0":0,"1":0,"2":0,"3":0},"b":{},"_coverageSchema":"1a1c01bbd47fc00a2c39e90264f33305004495a9","hash":"2fc2764be637487bb6ddcd0b8a82033ce20d5eab"}
}
